<?xml version="1.0" encoding="UTF-8"?>
<!-- Generated by org.testng.reporters.JUnitReportReporter -->
<testsuite hostname="DESKTOP-FKO27MT" failures="0" tests="6" name="api.test.DDTests" time="3.834" errors="0" timestamp="2024-02-12T18:47:56 EST" skipped="0">
  <testcase classname="api.test.DDTests" name="testPostUser" time="3.235"/>
  <system-out/>
  <testcase classname="api.test.DDTests" name="testPostUser" time="0.104"/>
  <system-out/>
  <testcase classname="api.test.DDTests" name="testPostUser" time="0.132"/>
  <system-out/>
  <testcase classname="api.test.DDTests" name="testDeleteUserByName" time="0.155"/>
  <system-out/>
  <testcase classname="api.test.DDTests" name="testDeleteUserByName" time="0.103"/>
  <system-out/>
  <testcase classname="api.test.DDTests" name="testDeleteUserByName" time="0.105"/>
  <system-out/>
</testsuite> <!-- api.test.DDTests -->
