<?xml version="1.0" encoding="UTF-8"?>
<!-- Generated by org.testng.reporters.JUnitReportReporter -->
<testsuite hostname="DESKTOP-FKO27MT" failures="0" tests="4" name="api.test.UserTest2" time="4.028" errors="0" timestamp="2024-02-13T07:19:21 EST" skipped="0">
  <testcase classname="api.test.UserTest2" name="testPostUser" time="3.427"/>
  <system-out/>
  <testcase classname="api.test.UserTest2" name="testGetUser" time="0.239"/>
  <system-out/>
  <testcase classname="api.test.UserTest2" name="testUpdateUser" time="0.248"/>
  <system-out/>
  <testcase classname="api.test.UserTest2" name="testDeleteUser" time="0.114"/>
  <system-out/>
</testsuite> <!-- api.test.UserTest2 -->
