<?xml version="1.0" encoding="UTF-8"?>
<!-- Generated by org.testng.reporters.JUnitReportReporter -->
<testsuite hostname="DESKTOP-FKO27MT" failures="0" tests="4" name="api.test.UserTest" time="4.082" errors="0" timestamp="2024-02-12T20:07:54 EST" skipped="0">
  <testcase classname="api.test.UserTest" name="testPostUser" time="3.463"/>
  <system-out/>
  <testcase classname="api.test.UserTest" name="testGetUser" time="0.232"/>
  <system-out/>
  <testcase classname="api.test.UserTest" name="testUpdateUser" time="0.258"/>
  <system-out/>
  <testcase classname="api.test.UserTest" name="testDeleteUser" time="0.129"/>
  <system-out/>
</testsuite> <!-- api.test.UserTest -->
