<?xml version="1.0" encoding="UTF-8"?>
<!-- Generated by org.testng.reporters.JUnitReportReporter -->
<testsuite hostname="DESKTOP-FKO27MT" failures="0" tests="4" name="api.test.UserTest2" time="4.301" errors="0" timestamp="2024-02-13T08:08:59 EST" skipped="0">
  <testcase classname="api.test.UserTest2" name="testPostUser" time="3.754"/>
  <system-out/>
  <testcase classname="api.test.UserTest2" name="testGetUser" time="0.197"/>
  <system-out/>
  <testcase classname="api.test.UserTest2" name="testUpdateUser" time="0.230"/>
  <system-out/>
  <testcase classname="api.test.UserTest2" name="testDeleteUser" time="0.120"/>
  <system-out/>
</testsuite> <!-- api.test.UserTest2 -->
